<?xml version="1.0" encoding="UTF-8"?>
<testng-results skipped="0" failed="2" ignored="0" total="2" passed="0">
  <reporter-output>
    <line>
      <![CDATA[Capturing Screenshot]]>
    </line>
    <line>
      <![CDATA[<a target = "blank" href=null>Screenshot</a>]]>
    </line>
    <line>
      <![CDATA[</br>]]>
    </line>
    <line>
      <![CDATA[</br>]]>
    </line>
    <line>
      <![CDATA[<a target = "blank" href=null><img src=null height=200 width=200></img></a>]]>
    </line>
    <line>
      <![CDATA[Capturing Screenshot]]>
    </line>
    <line>
      <![CDATA[<a target = "blank" href=null>Screenshot</a>]]>
    </line>
    <line>
      <![CDATA[</br>]]>
    </line>
    <line>
      <![CDATA[</br>]]>
    </line>
    <line>
      <![CDATA[<a target = "blank" href=null><img src=null height=200 width=200></img></a>]]>
    </line>
  </reporter-output>
  <suite name="Data Driven Basics" duration-ms="5071" started-at="2020-03-09T19:05:35Z" finished-at="2020-03-09T19:05:40Z">
    <groups>
    </groups>
    <test name="Bank Manager Login Test" duration-ms="2148" started-at="2020-03-09T19:05:35Z" finished-at="2020-03-09T19:05:37Z">
      <class name="com.w2a.testcases.BankManagerLoginTest">
        <test-method status="FAIL" signature="loginAsBankManager()[pri:0, instance:com.w2a.testcases.BankManagerLoginTest@3e92efc3]" name="loginAsBankManager" duration-ms="1036" started-at="2020-03-09T15:05:35Z" finished-at="2020-03-09T15:05:36Z">
          <exception class="java.lang.AssertionError">
            <message>
              <![CDATA[Login not Successful]]>
            </message>
            <full-stacktrace>
              <![CDATA[java.lang.AssertionError: Login not Successful
	at org.testng.Assert.fail(Assert.java:93)
	at com.w2a.testcases.BankManagerLoginTest.loginAsBankManager(BankManagerLoginTest.java:21)
	at sun.reflect.NativeMethodAccessorImpl.invoke0(Native Method)
	at sun.reflect.NativeMethodAccessorImpl.invoke(NativeMethodAccessorImpl.java:62)
	at sun.reflect.DelegatingMethodAccessorImpl.invoke(DelegatingMethodAccessorImpl.java:43)
	at java.lang.reflect.Method.invoke(Method.java:498)
	at org.testng.internal.MethodInvocationHelper.invokeMethod(MethodInvocationHelper.java:108)
	at org.testng.internal.Invoker.invokeMethod(Invoker.java:661)
	at org.testng.internal.Invoker.invokeTestMethod(Invoker.java:869)
	at org.testng.internal.Invoker.invokeTestMethods(Invoker.java:1193)
	at org.testng.internal.TestMethodWorker.invokeTestMethods(TestMethodWorker.java:126)
	at org.testng.internal.TestMethodWorker.run(TestMethodWorker.java:109)
	at org.testng.TestRunner.privateRun(TestRunner.java:744)
	at org.testng.TestRunner.run(TestRunner.java:602)
	at org.testng.SuiteRunner.runTest(SuiteRunner.java:380)
	at org.testng.SuiteRunner.runSequentially(SuiteRunner.java:375)
	at org.testng.SuiteRunner.privateRun(SuiteRunner.java:340)
	at org.testng.SuiteRunner.run(SuiteRunner.java:289)
	at org.testng.SuiteRunnerWorker.runSuite(SuiteRunnerWorker.java:52)
	at org.testng.SuiteRunnerWorker.run(SuiteRunnerWorker.java:86)
	at org.testng.TestNG.runSuitesSequentially(TestNG.java:1301)
	at org.testng.TestNG.runSuitesLocally(TestNG.java:1226)
	at org.testng.TestNG.runSuites(TestNG.java:1144)
	at org.testng.TestNG.run(TestNG.java:1115)
	at org.apache.maven.surefire.testng.TestNGExecutor.run(TestNGExecutor.java:295)
	at org.apache.maven.surefire.testng.TestNGXmlTestSuite.execute(TestNGXmlTestSuite.java:84)
	at org.apache.maven.surefire.testng.TestNGProvider.invoke(TestNGProvider.java:90)
	at org.apache.maven.surefire.booter.ForkedBooter.invokeProviderInSameClassLoader(ForkedBooter.java:203)
	at org.apache.maven.surefire.booter.ForkedBooter.runSuitesInProcess(ForkedBooter.java:155)
	at org.apache.maven.surefire.booter.ForkedBooter.main(ForkedBooter.java:103)
]]>
            </full-stacktrace>
          </exception> <!-- java.lang.AssertionError -->
          <reporter-output>
            <line>
              <![CDATA[Capturing Screenshot]]>
            </line>
            <line>
              <![CDATA[<a target = "blank" href=null>Screenshot</a>]]>
            </line>
            <line>
              <![CDATA[</br>]]>
            </line>
            <line>
              <![CDATA[</br>]]>
            </line>
            <line>
              <![CDATA[<a target = "blank" href=null><img src=null height=200 width=200></img></a>]]>
            </line>
          </reporter-output>
        </test-method> <!-- loginAsBankManager -->
      </class> <!-- com.w2a.testcases.BankManagerLoginTest -->
    </test> <!-- Bank Manager Login Test -->
    <test name="Add Customer Test" duration-ms="2718" started-at="2020-03-09T19:05:38Z" finished-at="2020-03-09T19:05:40Z">
      <class name="com.w2a.testcases.AddCustomerTest">
        <test-method status="PASS" signature="setUp()[pri:0, instance:com.w2a.testcases.AddCustomerTest@1700915]" name="setUp" is-config="true" duration-ms="25603" started-at="2020-03-09T15:05:10Z" finished-at="2020-03-09T15:05:35Z">
          <reporter-output>
          </reporter-output>
        </test-method> <!-- setUp -->
        <test-method status="FAIL" signature="addCustomer(java.lang.String, java.lang.String, java.lang.String, java.lang.String)[pri:0, instance:com.w2a.testcases.AddCustomerTest@1700915]" name="addCustomer" duration-ms="1706" started-at="2020-03-09T15:05:38Z" data-provider="getData" finished-at="2020-03-09T15:05:40Z">
          <params>
            <param index="0">
              <value>
                <![CDATA[mmed]]>
              </value>
            </param>
            <param index="1">
              <value>
                <![CDATA[kilani]]>
              </value>
            </param>
            <param index="2">
              <value>
                <![CDATA[22311.0]]>
              </value>
            </param>
            <param index="3">
              <value>
                <![CDATA[Customer added successfully with customer id]]>
              </value>
            </param>
          </params>
          <exception class="java.lang.IllegalArgumentException">
            <message>
              <![CDATA[Cannot find elements when the selector is null]]>
            </message>
            <full-stacktrace>
              <![CDATA[java.lang.IllegalArgumentException: Cannot find elements when the selector is null
	at org.openqa.selenium.By$ByCssSelector.<init>(By.java:422)
	at org.openqa.selenium.By.cssSelector(By.java:116)
	at com.w2a.testcases.AddCustomerTest.addCustomer(AddCustomerTest.java:22)
	at sun.reflect.NativeMethodAccessorImpl.invoke0(Native Method)
	at sun.reflect.NativeMethodAccessorImpl.invoke(NativeMethodAccessorImpl.java:62)
	at sun.reflect.DelegatingMethodAccessorImpl.invoke(DelegatingMethodAccessorImpl.java:43)
	at java.lang.reflect.Method.invoke(Method.java:498)
	at org.testng.internal.MethodInvocationHelper.invokeMethod(MethodInvocationHelper.java:108)
	at org.testng.internal.Invoker.invokeMethod(Invoker.java:661)
	at org.testng.internal.Invoker.invokeTestMethod(Invoker.java:869)
	at org.testng.internal.Invoker.invokeTestMethods(Invoker.java:1193)
	at org.testng.internal.TestMethodWorker.invokeTestMethods(TestMethodWorker.java:126)
	at org.testng.internal.TestMethodWorker.run(TestMethodWorker.java:109)
	at org.testng.TestRunner.privateRun(TestRunner.java:744)
	at org.testng.TestRunner.run(TestRunner.java:602)
	at org.testng.SuiteRunner.runTest(SuiteRunner.java:380)
	at org.testng.SuiteRunner.runSequentially(SuiteRunner.java:375)
	at org.testng.SuiteRunner.privateRun(SuiteRunner.java:340)
	at org.testng.SuiteRunner.run(SuiteRunner.java:289)
	at org.testng.SuiteRunnerWorker.runSuite(SuiteRunnerWorker.java:52)
	at org.testng.SuiteRunnerWorker.run(SuiteRunnerWorker.java:86)
	at org.testng.TestNG.runSuitesSequentially(TestNG.java:1301)
	at org.testng.TestNG.runSuitesLocally(TestNG.java:1226)
	at org.testng.TestNG.runSuites(TestNG.java:1144)
	at org.testng.TestNG.run(TestNG.java:1115)
	at org.apache.maven.surefire.testng.TestNGExecutor.run(TestNGExecutor.java:295)
	at org.apache.maven.surefire.testng.TestNGXmlTestSuite.execute(TestNGXmlTestSuite.java:84)
	at org.apache.maven.surefire.testng.TestNGProvider.invoke(TestNGProvider.java:90)
	at org.apache.maven.surefire.booter.ForkedBooter.invokeProviderInSameClassLoader(ForkedBooter.java:203)
	at org.apache.maven.surefire.booter.ForkedBooter.runSuitesInProcess(ForkedBooter.java:155)
	at org.apache.maven.surefire.booter.ForkedBooter.main(ForkedBooter.java:103)
]]>
            </full-stacktrace>
          </exception> <!-- java.lang.IllegalArgumentException -->
          <reporter-output>
            <line>
              <![CDATA[Capturing Screenshot]]>
            </line>
            <line>
              <![CDATA[<a target = "blank" href=null>Screenshot</a>]]>
            </line>
            <line>
              <![CDATA[</br>]]>
            </line>
            <line>
              <![CDATA[</br>]]>
            </line>
            <line>
              <![CDATA[<a target = "blank" href=null><img src=null height=200 width=200></img></a>]]>
            </line>
          </reporter-output>
        </test-method> <!-- addCustomer -->
        <test-method status="PASS" signature="tearDown()[pri:0, instance:com.w2a.testcases.AddCustomerTest@1700915]" name="tearDown" is-config="true" duration-ms="1549" started-at="2020-03-09T15:05:40Z" finished-at="2020-03-09T15:05:42Z">
          <reporter-output>
          </reporter-output>
        </test-method> <!-- tearDown -->
      </class> <!-- com.w2a.testcases.AddCustomerTest -->
    </test> <!-- Add Customer Test -->
  </suite> <!-- Data Driven Basics -->
</testng-results>
